Crash log created at 2024-12-31 16:47:02 +1100

===== MESSAGE:

Nanoc::Core::Site::DuplicateIdentifierError: There are multiple layouts with the /default.erb identifier.

/home/aron/.local/lib/ruby/gems/3.3.0/gems/nanoc-core-4.13.3/lib/nanoc/core/site.rb:62:in `block in ensure_identifier_uniqueness': There are multiple layouts with the /default.erb identifier. (Nanoc::Core::Site::DuplicateIdentifierError)
	from /home/aron/.local/lib/ruby/gems/3.3.0/gems/immutable-ruby-0.2.0/lib/immutable/_core.rb:2287:in `each'
	from /home/aron/.local/lib/ruby/gems/3.3.0/gems/immutable-ruby-0.2.0/lib/immutable/_core.rb:2287:in `traverse_depth_first'
	from /home/aron/.local/lib/ruby/gems/3.3.0/gems/immutable-ruby-0.2.0/lib/immutable/_core.rb:1396:in `each'
	from /home/aron/.local/lib/ruby/3.3.0/forwardable.rb:240:in `each'
	from /home/aron/.local/lib/ruby/gems/3.3.0/gems/nanoc-core-4.13.3/lib/nanoc/core/site.rb:60:in `ensure_identifier_uniqueness'
	from /home/aron/.local/lib/ruby/gems/3.3.0/gems/nanoc-core-4.13.3/lib/nanoc/core/site.rb:29:in `initialize'
	from /home/aron/.local/lib/ruby/gems/3.3.0/gems/nanoc-core-4.13.3/lib/nanoc/core/site_loader.rb:35:in `new'
	from /home/aron/.local/lib/ruby/gems/3.3.0/gems/nanoc-core-4.13.3/lib/nanoc/core/site_loader.rb:35:in `site_from_config'
	from /home/aron/.local/lib/ruby/gems/3.3.0/gems/nanoc-core-4.13.3/lib/nanoc/core/site_loader.rb:13:in `new_from_cwd'
	from /home/aron/.local/lib/ruby/gems/3.3.0/gems/nanoc-cli-4.13.3/lib/nanoc/cli/command_runner.rb:60:in `load_site'
	from /home/aron/.local/lib/ruby/gems/3.3.0/gems/nanoc-cli-4.13.3/lib/nanoc/cli/commands/prune.rb:21:in `run'
	from /home/aron/.local/lib/ruby/gems/3.3.0/gems/nanoc-cli-4.13.3/lib/nanoc/cli/command_runner.rb:15:in `block in call'
	from /home/aron/.local/lib/ruby/gems/3.3.0/gems/nanoc-cli-4.13.3/lib/nanoc/cli/error_handler.rb:57:in `handle_while'
	from /home/aron/.local/lib/ruby/gems/3.3.0/gems/nanoc-cli-4.13.3/lib/nanoc/cli/error_handler.rb:15:in `handle_while'
	from /home/aron/.local/lib/ruby/gems/3.3.0/gems/nanoc-cli-4.13.3/lib/nanoc/cli/command_runner.rb:14:in `call'
	from /home/aron/.local/lib/ruby/gems/3.3.0/gems/cri-2.15.12/lib/cri/command_dsl.rb:294:in `block in runner'
	from /home/aron/.local/lib/ruby/gems/3.3.0/gems/cri-2.15.12/lib/cri/command.rb:362:in `run_this'
	from /home/aron/.local/lib/ruby/gems/3.3.0/gems/cri-2.15.12/lib/cri/command.rb:298:in `run'
	from /home/aron/.local/lib/ruby/gems/3.3.0/gems/cri-2.15.12/lib/cri/command.rb:316:in `run'
	from /home/aron/.local/lib/ruby/gems/3.3.0/gems/nanoc-cli-4.13.3/lib/nanoc/cli.rb:88:in `block in run'
	from /home/aron/.local/lib/ruby/gems/3.3.0/gems/nanoc-cli-4.13.3/lib/nanoc/cli/error_handler.rb:57:in `handle_while'
	from /home/aron/.local/lib/ruby/gems/3.3.0/gems/nanoc-cli-4.13.3/lib/nanoc/cli/error_handler.rb:15:in `handle_while'
	from /home/aron/.local/lib/ruby/gems/3.3.0/gems/nanoc-cli-4.13.3/lib/nanoc/cli.rb:86:in `run'
	from /home/aron/.local/lib/ruby/gems/3.3.0/gems/nanoc-4.13.3/bin/nanoc:18:in `<top (required)>'
	from /home/aron/.local/bin/nanoc:25:in `load'
	from /home/aron/.local/bin/nanoc:25:in `<main>'

===== STACK TRACE:

  0. /home/aron/.local/lib/ruby/gems/3.3.0/gems/nanoc-core-4.13.3/lib/nanoc/core/site.rb:62:in `block in ensure_identifier_uniqueness'
  1. /home/aron/.local/lib/ruby/gems/3.3.0/gems/immutable-ruby-0.2.0/lib/immutable/_core.rb:2287:in `each'
  2. /home/aron/.local/lib/ruby/gems/3.3.0/gems/immutable-ruby-0.2.0/lib/immutable/_core.rb:2287:in `traverse_depth_first'
  3. /home/aron/.local/lib/ruby/gems/3.3.0/gems/immutable-ruby-0.2.0/lib/immutable/_core.rb:1396:in `each'
  4. /home/aron/.local/lib/ruby/3.3.0/forwardable.rb:240:in `each'
  5. /home/aron/.local/lib/ruby/gems/3.3.0/gems/nanoc-core-4.13.3/lib/nanoc/core/site.rb:60:in `ensure_identifier_uniqueness'
  6. /home/aron/.local/lib/ruby/gems/3.3.0/gems/nanoc-core-4.13.3/lib/nanoc/core/site.rb:29:in `initialize'
  7. /home/aron/.local/lib/ruby/gems/3.3.0/gems/nanoc-core-4.13.3/lib/nanoc/core/site_loader.rb:35:in `new'
  8. /home/aron/.local/lib/ruby/gems/3.3.0/gems/nanoc-core-4.13.3/lib/nanoc/core/site_loader.rb:35:in `site_from_config'
  9. /home/aron/.local/lib/ruby/gems/3.3.0/gems/nanoc-core-4.13.3/lib/nanoc/core/site_loader.rb:13:in `new_from_cwd'
  10. /home/aron/.local/lib/ruby/gems/3.3.0/gems/nanoc-cli-4.13.3/lib/nanoc/cli/command_runner.rb:60:in `load_site'
  11. /home/aron/.local/lib/ruby/gems/3.3.0/gems/nanoc-cli-4.13.3/lib/nanoc/cli/commands/prune.rb:21:in `run'
  12. /home/aron/.local/lib/ruby/gems/3.3.0/gems/nanoc-cli-4.13.3/lib/nanoc/cli/command_runner.rb:15:in `block in call'
  13. /home/aron/.local/lib/ruby/gems/3.3.0/gems/nanoc-cli-4.13.3/lib/nanoc/cli/error_handler.rb:57:in `handle_while'
  14. /home/aron/.local/lib/ruby/gems/3.3.0/gems/nanoc-cli-4.13.3/lib/nanoc/cli/error_handler.rb:15:in `handle_while'
  15. /home/aron/.local/lib/ruby/gems/3.3.0/gems/nanoc-cli-4.13.3/lib/nanoc/cli/command_runner.rb:14:in `call'
  16. /home/aron/.local/lib/ruby/gems/3.3.0/gems/cri-2.15.12/lib/cri/command_dsl.rb:294:in `block in runner'
  17. /home/aron/.local/lib/ruby/gems/3.3.0/gems/cri-2.15.12/lib/cri/command.rb:362:in `run_this'
  18. /home/aron/.local/lib/ruby/gems/3.3.0/gems/cri-2.15.12/lib/cri/command.rb:298:in `run'
  19. /home/aron/.local/lib/ruby/gems/3.3.0/gems/cri-2.15.12/lib/cri/command.rb:316:in `run'
  20. /home/aron/.local/lib/ruby/gems/3.3.0/gems/nanoc-cli-4.13.3/lib/nanoc/cli.rb:88:in `block in run'
  21. /home/aron/.local/lib/ruby/gems/3.3.0/gems/nanoc-cli-4.13.3/lib/nanoc/cli/error_handler.rb:57:in `handle_while'
  22. /home/aron/.local/lib/ruby/gems/3.3.0/gems/nanoc-cli-4.13.3/lib/nanoc/cli/error_handler.rb:15:in `handle_while'
  23. /home/aron/.local/lib/ruby/gems/3.3.0/gems/nanoc-cli-4.13.3/lib/nanoc/cli.rb:86:in `run'
  24. /home/aron/.local/lib/ruby/gems/3.3.0/gems/nanoc-4.13.3/bin/nanoc:18:in `<top (required)>'
  25. /home/aron/.local/bin/nanoc:25:in `load'

===== VERSION INFORMATION:

Nanoc 4.13.3 © 2007–… Denis Defreyne.
Running ruby 3.3.3 (2024-06-12) on x86_64-freebsd14.2 with RubyGems 3.5.11.

===== SYSTEM INFORMATION:

FreeBSD rosemary-hemphill 14.2-RELEASE FreeBSD 14.2-RELEASE releng/14.2-n269506-c8918d6c7412 GENERIC amd64

===== INSTALLED GEMS:

  abbrev 0.1.2
  addressable 2.8.7
  adsf 1.5.2
  adsf-live 1.5.2
  base64 0.2.0
  bcrypt 3.1.20
  benchmark 0.3.0
  bigdecimal 3.1.5
  builder 3.3.0
  bundler 2.5.9, 2.5.11, 2.5.23
  cgi 0.4.1
  coderay 1.1.3
  colored 1.2
  concurrent-ruby 1.3.4
  cri 2.15.12
  csv 3.2.8
  date 3.3.4
  ddmetrics 1.1.0
  ddplugin 1.0.3
  debug 1.9.1
  delegate 0.3.1
  did_you_mean 1.6.3
  diff-lcs 1.5.1
  digest 3.1.1
  dotenv 3.1.2
  drb 2.2.0
  em-websocket 0.5.3
  english 0.8.0
  erb 4.0.3
  error_highlight 0.6.0
  etc 1.4.3
  eventmachine 1.2.7
  fcntl 1.1.0
  ffi 1.17.1
  fiddle 1.1.2
  fileutils 1.7.2
  find 0.2.0
  forwardable 1.3.3
  getoptlong 0.2.1
  http_parser.rb 0.8.0
  immutable-ruby 0.2.0
  io-console 0.7.1
  io-nonblock 0.3.0
  io-wait 0.3.1
  ipaddr 1.2.6
  irb 1.13.1
  json 2.7.1
  json_schema 0.21.0
  kramdown 2.5.1
  listen 3.9.0
  logger 1.6.0
  matrix 0.4.2
  memo_wise 1.10.0
  method_source 1.1.0
  mini_portile2 2.8.7
  minitest 5.20.0
  multi_json 1.15.0
  mustermann 3.0.2, 3.0.3
  mutex_m 0.2.0
  nanoc 4.13.3
  nanoc-checking 1.0.5
  nanoc-cli 4.13.3
  nanoc-core 4.13.3
  nanoc-deploying 1.0.2
  nanoc-live 1.1.0
  net-ftp 0.3.4
  net-http 0.4.1
  net-imap 0.4.9.1
  net-pop 0.1.2
  net-protocol 0.2.2
  net-smtp 0.4.0.1, 0.5.0
  nio4r 2.7.3, 2.7.4
  nkf 0.1.3
  observer 0.1.2
  open-uri 0.4.1
  open3 0.2.1
  openssl 3.2.0
  optparse 0.4.0
  ostruct 0.6.0
  parallel 1.26.3
  pastel 0.8.0
  pathname 0.3.0
  power_assert 2.0.3
  pp 0.5.0
  prettyprint 0.2.0
  prime 0.1.2
  prism 0.19.0
  pry 0.15.0, 0.15.2
  pstore 0.1.3
  psych 5.1.2
  public_suffix 6.0.1
  puma 6.4.2, 6.5.0
  racc 1.7.3
  rack 3.1.7, 3.1.8
  rack-protection 4.0.0, 4.1.1
  rack-session 2.0.0
  rackup 2.1.0, 2.2.1
  rake 13.1.0
  rb-fsevent 0.11.2
  rb-inotify 0.11.1
  rb-kqueue 0.2.8
  rbs 3.4.0
  rbtree 0.4.6
  rdoc 6.6.3.1
  readline 0.0.4
  reline 0.5.7
  resolv 0.3.0
  resolv-replace 0.1.1
  rexml 3.2.8, 3.4.0
  rinda 0.2.0
  rspec 3.13.0
  rspec-core 3.13.2
  rspec-expectations 3.13.3
  rspec-mocks 3.13.2
  rspec-support 3.13.2
  rss 0.3.0
  ruby2_keywords 0.0.5
  securerandom 0.3.1
  set 1.1.0, 1.1.1
  shellwords 0.2.0
  sinatra 4.0.0, 4.1.1
  sinatra-contrib 4.1.1
  sinatra-flash 0.3.0
  singleton 0.2.0
  slow_enumerator_tools 1.1.0
  sorted_set 1.0.3
  sqlite3 2.0.4
  stringio 3.1.1
  strscan 3.0.9
  syntax_suggest 2.0.0
  syslog 0.1.2
  tempfile 0.2.1
  test-unit 3.6.1
  tilt 2.4.0, 2.5.0
  time 0.3.0
  timeout 0.4.1
  tmpdir 0.2.0
  tsort 0.2.0
  tty-color 0.6.0
  tty-command 0.10.1
  tty-platform 0.3.0
  tty-which 0.5.0
  typeprof 0.21.9
  un 0.3.0
  uri 0.13.0
  weakref 0.1.3
  webrick 1.8.1
  yaml 0.3.0
  zeitwerk 2.7.1
  zlib 3.1.1

===== GEMFILE.LOCK:

GEM
  remote: https://rubygems.org/
  specs:
    addressable (2.8.7)
      public_suffix (>= 2.0.2, < 7.0)
    adsf (1.5.2)
      rack (>= 1.0.0, < 4.0.0)
      rackup (~> 2.1)
    base64 (0.2.0)
    coderay (1.1.3)
    colored (1.2)
    concurrent-ruby (1.3.4)
    cri (2.15.12)
    ddmetrics (1.1.0)
    ddplugin (1.0.3)
    diff-lcs (1.5.1)
    immutable-ruby (0.2.0)
      concurrent-ruby (~> 1.1)
      sorted_set (~> 1.0)
    json_schema (0.21.0)
    memo_wise (1.10.0)
    method_source (1.1.0)
    nanoc (4.13.3)
      addressable (~> 2.5)
      colored (~> 1.2)
      nanoc-checking (~> 1.0, >= 1.0.2)
      nanoc-cli (= 4.13.3)
      nanoc-core (= 4.13.3)
      nanoc-deploying (~> 1.0)
      parallel (~> 1.12)
      tty-command (~> 0.8)
      tty-which (~> 0.4)
    nanoc-checking (1.0.5)
      nanoc-cli (~> 4.12, >= 4.12.5)
      nanoc-core (~> 4.12, >= 4.12.5)
    nanoc-cli (4.13.3)
      cri (~> 2.15)
      diff-lcs (~> 1.3)
      nanoc-core (= 4.13.3)
      pry
      zeitwerk (~> 2.1)
    nanoc-core (4.13.3)
      base64 (~> 0.2)
      concurrent-ruby (~> 1.1)
      ddmetrics (~> 1.0)
      ddplugin (~> 1.0)
      immutable-ruby (~> 0.1)
      json_schema (~> 0.19)
      memo_wise (~> 1.5)
      slow_enumerator_tools (~> 1.0)
      tty-platform (~> 0.2)
      zeitwerk (~> 2.1)
    nanoc-deploying (1.0.2)
      nanoc-checking (~> 1.0)
      nanoc-cli (~> 4.11, >= 4.11.15)
      nanoc-core (~> 4.11, >= 4.11.15)
    parallel (1.26.3)
    pastel (0.8.0)
      tty-color (~> 0.5)
    pry (0.15.0)
      coderay (~> 1.1)
      method_source (~> 1.0)
    public_suffix (6.0.1)
    rack (3.1.8)
    rackup (2.2.1)
      rack (>= 3)
    rbtree (0.4.6)
    set (1.1.1)
    slow_enumerator_tools (1.1.0)
    sorted_set (1.0.3)
      rbtree
      set (~> 1.0)
    tty-color (0.6.0)
    tty-command (0.10.1)
      pastel (~> 0.8)
    tty-platform (0.3.0)
    tty-which (0.5.0)
    zeitwerk (2.7.1)

PLATFORMS
  ruby
  x86_64-freebsd-14

DEPENDENCIES
  adsf
  nanoc (~> 4.13)

BUNDLED WITH
   2.5.23

===== LOAD PATHS:

  0. /home/aron/.local/lib/ruby/gems/3.3.0/gems/public_suffix-6.0.1/lib
  1. /home/aron/.local/lib/ruby/gems/3.3.0/gems/addressable-2.8.7/lib
  2. /home/aron/.local/lib/ruby/gems/3.3.0/gems/colored-1.2/lib
  3. /home/aron/.local/lib/ruby/gems/3.3.0/gems/cri-2.15.12/lib
  4. /home/aron/.local/lib/ruby/gems/3.3.0/gems/diff-lcs-1.5.1/lib
  5. /home/aron/.local/lib/ruby/gems/3.3.0/gems/base64-0.2.0/lib
  6. /home/aron/.local/lib/ruby/gems/3.3.0/gems/concurrent-ruby-1.3.4/lib/concurrent-ruby
  7. /home/aron/.local/lib/ruby/gems/3.3.0/gems/ddmetrics-1.1.0/lib
  8. /home/aron/.local/lib/ruby/gems/3.3.0/gems/ddplugin-1.0.3/lib
  9. /home/aron/.local/lib/ruby/gems/3.3.0/gems/rbtree-0.4.6/lib
  10. /home/aron/.local/lib/ruby/gems/3.3.0/extensions/x86_64-freebsd-14/3.3.0-static/rbtree-0.4.6
  11. /home/aron/.local/lib/ruby/gems/3.3.0/gems/sorted_set-1.0.3/lib
  12. /home/aron/.local/lib/ruby/gems/3.3.0/gems/immutable-ruby-0.2.0/lib
  13. /home/aron/.local/lib/ruby/gems/3.3.0/gems/json_schema-0.21.0/lib
  14. /home/aron/.local/lib/ruby/gems/3.3.0/gems/memo_wise-1.10.0/lib
  15. /home/aron/.local/lib/ruby/gems/3.3.0/gems/slow_enumerator_tools-1.1.0/lib
  16. /home/aron/.local/lib/ruby/gems/3.3.0/gems/tty-platform-0.3.0/lib
  17. /home/aron/.local/lib/ruby/gems/3.3.0/gems/zeitwerk-2.7.1/lib
  18. /home/aron/.local/lib/ruby/gems/3.3.0/gems/nanoc-core-4.13.3/lib
  19. /home/aron/.local/lib/ruby/gems/3.3.0/gems/nanoc-cli-4.13.3/lib
  20. /home/aron/.local/lib/ruby/gems/3.3.0/gems/nanoc-checking-1.0.5/lib
  21. /home/aron/.local/lib/ruby/gems/3.3.0/gems/nanoc-deploying-1.0.2/lib
  22. /home/aron/.local/lib/ruby/gems/3.3.0/gems/parallel-1.26.3/lib
  23. /home/aron/.local/lib/ruby/gems/3.3.0/gems/tty-color-0.6.0/lib
  24. /home/aron/.local/lib/ruby/gems/3.3.0/gems/pastel-0.8.0/lib
  25. /home/aron/.local/lib/ruby/gems/3.3.0/gems/tty-command-0.10.1/lib
  26. /home/aron/.local/lib/ruby/gems/3.3.0/gems/tty-which-0.5.0/lib
  27. /home/aron/.local/lib/ruby/gems/3.3.0/gems/nanoc-4.13.3/lib
  28. /home/aron/.local/lib/ruby/gems/3.3.0/gems/set-1.1.1/lib
  29. /home/aron/.local/lib/ruby/gems/3.3.0/gems/method_source-1.1.0/lib
  30. /home/aron/.local/lib/ruby/gems/3.3.0/gems/coderay-1.1.3/lib
  31. /home/aron/.local/lib/ruby/gems/3.3.0/gems/pry-0.15.2/lib
  32. /home/aron/.local/lib/ruby/site_ruby/3.3.0
  33. /home/aron/.local/lib/ruby/site_ruby/3.3.0/x86_64-freebsd14.2
  34. /home/aron/.local/lib/ruby/site_ruby
  35. /home/aron/.local/lib/ruby/vendor_ruby/3.3.0
  36. /home/aron/.local/lib/ruby/vendor_ruby/3.3.0/x86_64-freebsd14.2
  37. /home/aron/.local/lib/ruby/vendor_ruby
  38. /home/aron/.local/lib/ruby/3.3.0
  39. /home/aron/.local/lib/ruby/3.3.0/x86_64-freebsd14.2
